<?xml version="1.0" encoding="UTF-8"?>
<!-- Generated by org.testng.reporters.JUnitReportReporter -->
<testsuite hostname="LAPTOP-QJ4Q7LEE" failures="0" tests="2" name="parallel.ParallelRun" time="33.460" errors="0" timestamp="27 Jun 2021 08:32:58 GMT" skipped="1">
  <testcase classname="parallel.ParallelRun" name="runScenario" time="26.345"/>
  <testcase classname="parallel.ParallelRun" name="runScenario" time="7.115">
    <skipped/>
  </testcase> <!-- runScenario -->
</testsuite> <!-- parallel.ParallelRun -->
